# JRE version: Java(TM) SE Runtime Environment (14.0.2+12) (build 14.0.2+12-46)
# Java VM: Java HotSpot(TM) 64-Bit Server VM (14.0.2+12-46, mixed mode, sharing, tiered, compressed oops, g1 gc, windows-amd64)
Heap:
 garbage-first heap   total 45056K, used 22008K [0x0000000081400000, 0x0000000100000000)
  region size 1024K, 7 young (7168K), 1 survivors (1024K)
 Metaspace       used 33060K, capacity 34219K, committed 34304K, reserved 1079296K
  class space    used 3894K, capacity 4324K, committed 4352K, reserved 1048576K
GC Heap History (20 events):
Event: 368.782 GC heap before
{Heap before GC invocations=140 (full 0):
 garbage-first heap   total 45056K, used 37358K [0x0000000081400000, 0x0000000100000000)
  region size 1024K, 21 young (21504K), 1 survivors (1024K)
 Metaspace       used 33058K, capacity 34219K, committed 34304K, reserved 1079296K
  class space    used 3894K, capacity 4324K, committed 4352K, reserved 1048576K
}
Event: 368.782 GC heap after
{Heap after GC invocations=141 (full 0):
 garbage-first heap   total 45056K, used 16884K [0x0000000081400000, 0x0000000100000000)
  region size 1024K, 1 young (1024K), 1 survivors (1024K)
 Metaspace       used 33058K, capacity 34219K, committed 34304K, reserved 1079296K
  class space    used 3894K, capacity 4324K, committed 4352K, reserved 1048576K
}
Event: 371.551 GC heap before
{Heap before GC invocations=141 (full 0):
 garbage-first heap   total 45056K, used 37364K [0x0000000081400000, 0x0000000100000000)
  region size 1024K, 21 young (21504K), 1 survivors (1024K)
 Metaspace       used 33060K, capacity 34219K, committed 34304K, reserved 1079296K
  class space    used 3894K, capacity 4324K, committed 4352K, reserved 1048576K
}
Event: 371.552 GC heap after
{Heap after GC invocations=142 (full 0):
 garbage-first heap   total 45056K, used 16880K [0x0000000081400000, 0x0000000100000000)
  region size 1024K, 1 young (1024K), 1 survivors (1024K)
 Metaspace       used 33060K, capacity 34219K, committed 34304K, reserved 1079296K
  class space    used 3894K, capacity 4324K, committed 4352K, reserved 1048576K
}
Event: 374.377 GC heap before
{Heap before GC invocations=142 (full 0):
 garbage-first heap   total 45056K, used 37360K [0x0000000081400000, 0x0000000100000000)
  region size 1024K, 21 young (21504K), 1 survivors (1024K)
 Metaspace       used 33060K, capacity 34219K, committed 34304K, reserved 1079296K
  class space    used 3894K, capacity 4324K, committed 4352K, reserved 1048576K
}
Event: 374.377 GC heap after
{Heap after GC invocations=143 (full 0):
 garbage-first heap   total 45056K, used 16882K [0x0000000081400000, 0x0000000100000000)
  region size 1024K, 1 young (1024K), 1 survivors (1024K)
 Metaspace       used 33060K, capacity 34219K, committed 34304K, reserved 1079296K
  class space    used 3894K, capacity 4324K, committed 4352K, reserved 1048576K
}
Event: 376.418 GC heap before
{Heap before GC invocations=143 (full 0):
 garbage-first heap   total 45056K, used 37362K [0x0000000081400000, 0x0000000100000000)
  region size 1024K, 21 young (21504K), 1 survivors (1024K)
 Metaspace       used 33060K, capacity 34219K, committed 34304K, reserved 1079296K
  class space    used 3894K, capacity 4324K, committed 4352K, reserved 1048576K
}
Event: 376.419 GC heap after
{Heap after GC invocations=144 (full 0):
 garbage-first heap   total 45056K, used 16888K [0x0000000081400000, 0x0000000100000000)
  region size 1024K, 1 young (1024K), 1 survivors (1024K)
 Metaspace       used 33060K, capacity 34219K, committed 34304K, reserved 1079296K
  class space    used 3894K, capacity 4324K, committed 4352K, reserved 1048576K
}
Event: 378.807 GC heap before
{Heap before GC invocations=144 (full 0):
 garbage-first heap   total 45056K, used 37368K [0x0000000081400000, 0x0000000100000000)
  region size 1024K, 21 young (21504K), 1 survivors (1024K)
 Metaspace       used 33060K, capacity 34219K, committed 34304K, reserved 1079296K
  class space    used 3894K, capacity 4324K, committed 4352K, reserved 1048576K
}
Event: 378.808 GC heap after
{Heap after GC invocations=145 (full 0):
 garbage-first heap   total 45056K, used 16880K [0x0000000081400000, 0x0000000100000000)
  region size 1024K, 1 young (1024K), 1 survivors (1024K)
 Metaspace       used 33060K, capacity 34219K, committed 34304K, reserved 1079296K
  class space    used 3894K, capacity 4324K, committed 4352K, reserved 1048576K
}
Event: 381.076 GC heap before
{Heap before GC invocations=145 (full 0):
 garbage-first heap   total 45056K, used 37360K [0x0000000081400000, 0x0000000100000000)
  region size 1024K, 21 young (21504K), 1 survivors (1024K)
 Metaspace       used 33060K, capacity 34219K, committed 34304K, reserved 1079296K
  class space    used 3894K, capacity 4324K, committed 4352K, reserved 1048576K
}
Event: 381.077 GC heap after
{Heap after GC invocations=146 (full 0):
 garbage-first heap   total 45056K, used 16884K [0x0000000081400000, 0x0000000100000000)
  region size 1024K, 1 young (1024K), 1 survivors (1024K)
 Metaspace       used 33060K, capacity 34219K, committed 34304K, reserved 1079296K
  class space    used 3894K, capacity 4324K, committed 4352K, reserved 1048576K
}
Event: 383.468 GC heap before
{Heap before GC invocations=146 (full 0):
 garbage-first heap   total 45056K, used 37364K [0x0000000081400000, 0x0000000100000000)
  region size 1024K, 21 young (21504K), 1 survivors (1024K)
 Metaspace       used 33060K, capacity 34219K, committed 34304K, reserved 1079296K
  class space    used 3894K, capacity 4324K, committed 4352K, reserved 1048576K
}
Event: 383.469 GC heap after
{Heap after GC invocations=147 (full 0):
 garbage-first heap   total 45056K, used 16884K [0x0000000081400000, 0x0000000100000000)
  region size 1024K, 1 young (1024K), 1 survivors (1024K)
 Metaspace       used 33060K, capacity 34219K, committed 34304K, reserved 1079296K
  class space    used 3894K, capacity 4324K, committed 4352K, reserved 1048576K
}
Event: 385.855 GC heap before
{Heap before GC invocations=147 (full 0):
 garbage-first heap   total 45056K, used 37364K [0x0000000081400000, 0x0000000100000000)
  region size 1024K, 21 young (21504K), 1 survivors (1024K)
 Metaspace       used 33060K, capacity 34219K, committed 34304K, reserved 1079296K
  class space    used 3894K, capacity 4324K, committed 4352K, reserved 1048576K
}
Event: 385.855 GC heap after
{Heap after GC invocations=148 (full 0):
 garbage-first heap   total 45056K, used 16884K [0x0000000081400000, 0x0000000100000000)
  region size 1024K, 1 young (1024K), 1 survivors (1024K)
 Metaspace       used 33060K, capacity 34219K, committed 34304K, reserved 1079296K
  class space    used 3894K, capacity 4324K, committed 4352K, reserved 1048576K
}
Event: 387.957 GC heap before
{Heap before GC invocations=148 (full 0):
 garbage-first heap   total 45056K, used 37364K [0x0000000081400000, 0x0000000100000000)
  region size 1024K, 21 young (21504K), 1 survivors (1024K)
 Metaspace       used 33060K, capacity 34219K, committed 34304K, reserved 1079296K
  class space    used 3894K, capacity 4324K, committed 4352K, reserved 1048576K
}
Event: 387.957 GC heap after
{Heap after GC invocations=149 (full 0):
 garbage-first heap   total 45056K, used 16882K [0x0000000081400000, 0x0000000100000000)
  region size 1024K, 1 young (1024K), 1 survivors (1024K)
 Metaspace       used 33060K, capacity 34219K, committed 34304K, reserved 1079296K
  class space    used 3894K, capacity 4324K, committed 4352K, reserved 1048576K
}
Event: 390.269 GC heap before
{Heap before GC invocations=149 (full 0):
 garbage-first heap   total 45056K, used 37362K [0x0000000081400000, 0x0000000100000000)
  region size 1024K, 21 young (21504K), 1 survivors (1024K)
 Metaspace       used 33060K, capacity 34219K, committed 34304K, reserved 1079296K
  class space    used 3894K, capacity 4324K, committed 4352K, reserved 1048576K
}
Event: 390.270 GC heap after
{Heap after GC invocations=150 (full 0):
 garbage-first heap   total 45056K, used 16886K [0x0000000081400000, 0x0000000100000000)
  region size 1024K, 1 young (1024K), 1 survivors (1024K)
 Metaspace       used 33060K, capacity 34219K, committed 34304K, reserved 1079296K
  class space    used 3894K, capacity 4324K, committed 4352K, reserved 1048576K
}

