# JRE version: Java(TM) SE Runtime Environment (14.0.2+12) (build 14.0.2+12-46)
# Java VM: Java HotSpot(TM) 64-Bit Server VM (14.0.2+12-46, mixed mode, sharing, tiered, compressed oops, g1 gc, windows-amd64)
Heap:
 garbage-first heap   total 64512K, used 42010K [0x0000000081400000, 0x0000000100000000)
  region size 1024K, 30 young (30720K), 4 survivors (4096K)
 Metaspace       used 33245K, capacity 34476K, committed 34636K, reserved 1079296K
  class space    used 3945K, capacity 4389K, committed 4428K, reserved 1048576K
GC Heap History (20 events):
Event: 0.598 GC heap before
{Heap before GC invocations=2 (full 0):
 garbage-first heap   total 131072K, used 28853K [0x0000000081400000, 0x0000000100000000)
  region size 1024K, 24 young (24576K), 1 survivors (1024K)
 Metaspace       used 4487K, capacity 6739K, committed 6912K, reserved 1056768K
  class space    used 498K, capacity 699K, committed 768K, reserved 1048576K
}
Event: 0.599 GC heap after
{Heap after GC invocations=3 (full 0):
 garbage-first heap   total 131072K, used 6356K [0x0000000081400000, 0x0000000100000000)
  region size 1024K, 1 young (1024K), 1 survivors (1024K)
 Metaspace       used 4487K, capacity 6739K, committed 6912K, reserved 1056768K
  class space    used 498K, capacity 699K, committed 768K, reserved 1048576K
}
Event: 1.712 GC heap before
{Heap before GC invocations=3 (full 0):
 garbage-first heap   total 131072K, used 82132K [0x0000000081400000, 0x0000000100000000)
  region size 1024K, 76 young (77824K), 1 survivors (1024K)
 Metaspace       used 15331K, capacity 15951K, committed 16256K, reserved 1062912K
  class space    used 1915K, capacity 2106K, committed 2176K, reserved 1048576K
}
Event: 1.719 GC heap after
{Heap after GC invocations=4 (full 0):
 garbage-first heap   total 131072K, used 8577K [0x0000000081400000, 0x0000000100000000)
  region size 1024K, 3 young (3072K), 3 survivors (3072K)
 Metaspace       used 15331K, capacity 15951K, committed 16256K, reserved 1062912K
  class space    used 1915K, capacity 2106K, committed 2176K, reserved 1048576K
}
Event: 2.603 GC heap before
{Heap before GC invocations=4 (full 0):
 garbage-first heap   total 131072K, used 82305K [0x0000000081400000, 0x0000000100000000)
  region size 1024K, 76 young (77824K), 3 survivors (3072K)
 Metaspace       used 18654K, capacity 19269K, committed 19456K, reserved 1067008K
  class space    used 2291K, capacity 2511K, committed 2560K, reserved 1048576K
}
Event: 2.610 GC heap after
{Heap after GC invocations=5 (full 0):
 garbage-first heap   total 131072K, used 10404K [0x0000000081400000, 0x0000000100000000)
  region size 1024K, 5 young (5120K), 5 survivors (5120K)
 Metaspace       used 18654K, capacity 19269K, committed 19456K, reserved 1067008K
  class space    used 2291K, capacity 2511K, committed 2560K, reserved 1048576K
}
Event: 2.998 GC heap before
{Heap before GC invocations=5 (full 0):
 garbage-first heap   total 131072K, used 22692K [0x0000000081400000, 0x0000000100000000)
  region size 1024K, 18 young (18432K), 5 survivors (5120K)
 Metaspace       used 20621K, capacity 21265K, committed 21296K, reserved 1069056K
  class space    used 2556K, capacity 2804K, committed 2816K, reserved 1048576K
}
Event: 3.005 GC heap after
{Heap after GC invocations=6 (full 0):
 garbage-first heap   total 157696K, used 11136K [0x0000000081400000, 0x0000000100000000)
  region size 1024K, 6 young (6144K), 6 survivors (6144K)
 Metaspace       used 20621K, capacity 21265K, committed 21296K, reserved 1069056K
  class space    used 2556K, capacity 2804K, committed 2816K, reserved 1048576K
}
Event: 4.216 GC heap before
{Heap before GC invocations=7 (full 0):
 garbage-first heap   total 45056K, used 42880K [0x0000000081400000, 0x0000000100000000)
  region size 1024K, 38 young (38912K), 6 survivors (6144K)
 Metaspace       used 24379K, capacity 25223K, committed 25420K, reserved 1071104K
  class space    used 3057K, capacity 3362K, committed 3404K, reserved 1048576K
}
Event: 4.225 GC heap after
{Heap after GC invocations=8 (full 0):
 garbage-first heap   total 53248K, used 13038K [0x0000000081400000, 0x0000000100000000)
  region size 1024K, 8 young (8192K), 8 survivors (8192K)
 Metaspace       used 24379K, capacity 25223K, committed 25420K, reserved 1071104K
  class space    used 3057K, capacity 3362K, committed 3404K, reserved 1048576K
}
Event: 4.229 GC heap before
{Heap before GC invocations=8 (full 0):
 garbage-first heap   total 53248K, used 35566K [0x0000000081400000, 0x0000000100000000)
  region size 1024K, 31 young (31744K), 8 survivors (8192K)
 Metaspace       used 24379K, capacity 25223K, committed 25420K, reserved 1071104K
  class space    used 3057K, capacity 3362K, committed 3404K, reserved 1048576K
}
Event: 4.237 GC heap after
{Heap after GC invocations=9 (full 0):
 garbage-first heap   total 53248K, used 13502K [0x0000000081400000, 0x0000000100000000)
  region size 1024K, 3 young (3072K), 3 survivors (3072K)
 Metaspace       used 24379K, capacity 25223K, committed 25420K, reserved 1071104K
  class space    used 3057K, capacity 3362K, committed 3404K, reserved 1048576K
}
Event: 4.406 GC heap before
{Heap before GC invocations=9 (full 0):
 garbage-first heap   total 53248K, used 39102K [0x0000000081400000, 0x0000000100000000)
  region size 1024K, 29 young (29696K), 3 survivors (3072K)
 Metaspace       used 25072K, capacity 25893K, committed 26060K, reserved 1071104K
  class space    used 3120K, capacity 3436K, committed 3532K, reserved 1048576K
}
Event: 4.409 GC heap after
{Heap after GC invocations=10 (full 0):
 garbage-first heap   total 53248K, used 13456K [0x0000000081400000, 0x0000000100000000)
  region size 1024K, 3 young (3072K), 3 survivors (3072K)
 Metaspace       used 25072K, capacity 25893K, committed 26060K, reserved 1071104K
  class space    used 3120K, capacity 3436K, committed 3532K, reserved 1048576K
}
Event: 4.450 GC heap before
{Heap before GC invocations=10 (full 0):
 garbage-first heap   total 53248K, used 40080K [0x0000000081400000, 0x0000000100000000)
  region size 1024K, 30 young (30720K), 3 survivors (3072K)
 Metaspace       used 25089K, capacity 25957K, committed 26060K, reserved 1071104K
  class space    used 3120K, capacity 3436K, committed 3532K, reserved 1048576K
}
Event: 4.453 GC heap after
{Heap after GC invocations=11 (full 0):
 garbage-first heap   total 53248K, used 13258K [0x0000000081400000, 0x0000000100000000)
  region size 1024K, 1 young (1024K), 1 survivors (1024K)
 Metaspace       used 25089K, capacity 25957K, committed 26060K, reserved 1071104K
  class space    used 3120K, capacity 3436K, committed 3532K, reserved 1048576K
}
Event: 5.197 GC heap before
{Heap before GC invocations=11 (full 0):
 garbage-first heap   total 53248K, used 42954K [0x0000000081400000, 0x0000000100000000)
  region size 1024K, 30 young (30720K), 1 survivors (1024K)
 Metaspace       used 28266K, capacity 29296K, committed 29644K, reserved 1075200K
  class space    used 3543K, capacity 3947K, committed 4044K, reserved 1048576K
}
Event: 5.202 GC heap after
{Heap after GC invocations=12 (full 0):
 garbage-first heap   total 53248K, used 14970K [0x0000000081400000, 0x0000000100000000)
  region size 1024K, 3 young (3072K), 3 survivors (3072K)
 Metaspace       used 28266K, capacity 29296K, committed 29644K, reserved 1075200K
  class space    used 3543K, capacity 3947K, committed 4044K, reserved 1048576K
}
Event: 96.824 GC heap before
{Heap before GC invocations=12 (full 0):
 garbage-first heap   total 53248K, used 41594K [0x0000000081400000, 0x0000000100000000)
  region size 1024K, 29 young (29696K), 3 survivors (3072K)
 Metaspace       used 32100K, capacity 33307K, committed 33356K, reserved 1079296K
  class space    used 3943K, capacity 4389K, committed 4428K, reserved 1048576K
}
Event: 96.831 GC heap after
{Heap after GC invocations=13 (full 0):
 garbage-first heap   total 64512K, used 16410K [0x0000000081400000, 0x0000000100000000)
  region size 1024K, 4 young (4096K), 4 survivors (4096K)
 Metaspace       used 32100K, capacity 33307K, committed 33356K, reserved 1079296K
  class space    used 3943K, capacity 4389K, committed 4428K, reserved 1048576K
}

