# JRE version: Java(TM) SE Runtime Environment (14.0.2+12) (build 14.0.2+12-46)
# Java VM: Java HotSpot(TM) 64-Bit Server VM (14.0.2+12-46, mixed mode, sharing, tiered, compressed oops, g1 gc, windows-amd64)
Heap:
 garbage-first heap   total 45056K, used 22657K [0x0000000081400000, 0x0000000100000000)
  region size 1024K, 8 young (8192K), 1 survivors (1024K)
 Metaspace       used 33673K, capacity 34876K, committed 34944K, reserved 1079296K
  class space    used 3969K, capacity 4415K, committed 4480K, reserved 1048576K
GC Heap History (20 events):
Event: 652.011 GC heap before
{Heap before GC invocations=250 (full 0):
 garbage-first heap   total 45056K, used 36994K [0x0000000081400000, 0x0000000100000000)
  region size 1024K, 21 young (21504K), 1 survivors (1024K)
 Metaspace       used 33668K, capacity 34812K, committed 34944K, reserved 1079296K
  class space    used 3969K, capacity 4415K, committed 4480K, reserved 1048576K
}
Event: 652.011 GC heap after
{Heap after GC invocations=251 (full 0):
 garbage-first heap   total 45056K, used 16508K [0x0000000081400000, 0x0000000100000000)
  region size 1024K, 1 young (1024K), 1 survivors (1024K)
 Metaspace       used 33668K, capacity 34812K, committed 34944K, reserved 1079296K
  class space    used 3969K, capacity 4415K, committed 4480K, reserved 1048576K
}
Event: 653.845 GC heap before
{Heap before GC invocations=251 (full 0):
 garbage-first heap   total 45056K, used 36988K [0x0000000081400000, 0x0000000100000000)
  region size 1024K, 21 young (21504K), 1 survivors (1024K)
 Metaspace       used 33668K, capacity 34812K, committed 34944K, reserved 1079296K
  class space    used 3969K, capacity 4415K, committed 4480K, reserved 1048576K
}
Event: 653.845 GC heap after
{Heap after GC invocations=252 (full 0):
 garbage-first heap   total 45056K, used 16517K [0x0000000081400000, 0x0000000100000000)
  region size 1024K, 1 young (1024K), 1 survivors (1024K)
 Metaspace       used 33668K, capacity 34812K, committed 34944K, reserved 1079296K
  class space    used 3969K, capacity 4415K, committed 4480K, reserved 1048576K
}
Event: 655.926 GC heap before
{Heap before GC invocations=252 (full 0):
 garbage-first heap   total 45056K, used 36997K [0x0000000081400000, 0x0000000100000000)
  region size 1024K, 21 young (21504K), 1 survivors (1024K)
 Metaspace       used 33668K, capacity 34812K, committed 34944K, reserved 1079296K
  class space    used 3969K, capacity 4415K, committed 4480K, reserved 1048576K
}
Event: 655.926 GC heap after
{Heap after GC invocations=253 (full 0):
 garbage-first heap   total 45056K, used 16515K [0x0000000081400000, 0x0000000100000000)
  region size 1024K, 1 young (1024K), 1 survivors (1024K)
 Metaspace       used 33668K, capacity 34812K, committed 34944K, reserved 1079296K
  class space    used 3969K, capacity 4415K, committed 4480K, reserved 1048576K
}
Event: 657.961 GC heap before
{Heap before GC invocations=253 (full 0):
 garbage-first heap   total 45056K, used 36995K [0x0000000081400000, 0x0000000100000000)
  region size 1024K, 21 young (21504K), 1 survivors (1024K)
 Metaspace       used 33668K, capacity 34812K, committed 34944K, reserved 1079296K
  class space    used 3969K, capacity 4415K, committed 4480K, reserved 1048576K
}
Event: 657.962 GC heap after
{Heap after GC invocations=254 (full 0):
 garbage-first heap   total 45056K, used 16517K [0x0000000081400000, 0x0000000100000000)
  region size 1024K, 1 young (1024K), 1 survivors (1024K)
 Metaspace       used 33668K, capacity 34812K, committed 34944K, reserved 1079296K
  class space    used 3969K, capacity 4415K, committed 4480K, reserved 1048576K
}
Event: 659.900 GC heap before
{Heap before GC invocations=254 (full 0):
 garbage-first heap   total 45056K, used 36997K [0x0000000081400000, 0x0000000100000000)
  region size 1024K, 21 young (21504K), 1 survivors (1024K)
 Metaspace       used 33668K, capacity 34812K, committed 34944K, reserved 1079296K
  class space    used 3969K, capacity 4415K, committed 4480K, reserved 1048576K
}
Event: 659.900 GC heap after
{Heap after GC invocations=255 (full 0):
 garbage-first heap   total 45056K, used 16511K [0x0000000081400000, 0x0000000100000000)
  region size 1024K, 1 young (1024K), 1 survivors (1024K)
 Metaspace       used 33668K, capacity 34812K, committed 34944K, reserved 1079296K
  class space    used 3969K, capacity 4415K, committed 4480K, reserved 1048576K
}
Event: 661.729 GC heap before
{Heap before GC invocations=255 (full 0):
 garbage-first heap   total 45056K, used 36991K [0x0000000081400000, 0x0000000100000000)
  region size 1024K, 21 young (21504K), 1 survivors (1024K)
 Metaspace       used 33668K, capacity 34812K, committed 34944K, reserved 1079296K
  class space    used 3969K, capacity 4415K, committed 4480K, reserved 1048576K
}
Event: 661.729 GC heap after
{Heap after GC invocations=256 (full 0):
 garbage-first heap   total 45056K, used 16515K [0x0000000081400000, 0x0000000100000000)
  region size 1024K, 1 young (1024K), 1 survivors (1024K)
 Metaspace       used 33668K, capacity 34812K, committed 34944K, reserved 1079296K
  class space    used 3969K, capacity 4415K, committed 4480K, reserved 1048576K
}
Event: 663.821 GC heap before
{Heap before GC invocations=256 (full 0):
 garbage-first heap   total 45056K, used 36995K [0x0000000081400000, 0x0000000100000000)
  region size 1024K, 21 young (21504K), 1 survivors (1024K)
 Metaspace       used 33668K, capacity 34812K, committed 34944K, reserved 1079296K
  class space    used 3969K, capacity 4415K, committed 4480K, reserved 1048576K
}
Event: 663.822 GC heap after
{Heap after GC invocations=257 (full 0):
 garbage-first heap   total 45056K, used 16515K [0x0000000081400000, 0x0000000100000000)
  region size 1024K, 1 young (1024K), 1 survivors (1024K)
 Metaspace       used 33668K, capacity 34812K, committed 34944K, reserved 1079296K
  class space    used 3969K, capacity 4415K, committed 4480K, reserved 1048576K
}
Event: 665.832 GC heap before
{Heap before GC invocations=257 (full 0):
 garbage-first heap   total 45056K, used 36995K [0x0000000081400000, 0x0000000100000000)
  region size 1024K, 21 young (21504K), 1 survivors (1024K)
 Metaspace       used 33668K, capacity 34812K, committed 34944K, reserved 1079296K
  class space    used 3969K, capacity 4415K, committed 4480K, reserved 1048576K
}
Event: 665.832 GC heap after
{Heap after GC invocations=258 (full 0):
 garbage-first heap   total 45056K, used 16515K [0x0000000081400000, 0x0000000100000000)
  region size 1024K, 1 young (1024K), 1 survivors (1024K)
 Metaspace       used 33668K, capacity 34812K, committed 34944K, reserved 1079296K
  class space    used 3969K, capacity 4415K, committed 4480K, reserved 1048576K
}
Event: 668.138 GC heap before
{Heap before GC invocations=258 (full 0):
 garbage-first heap   total 45056K, used 36995K [0x0000000081400000, 0x0000000100000000)
  region size 1024K, 21 young (21504K), 1 survivors (1024K)
 Metaspace       used 33669K, capacity 34812K, committed 34944K, reserved 1079296K
  class space    used 3969K, capacity 4415K, committed 4480K, reserved 1048576K
}
Event: 668.139 GC heap after
{Heap after GC invocations=259 (full 0):
 garbage-first heap   total 45056K, used 16515K [0x0000000081400000, 0x0000000100000000)
  region size 1024K, 1 young (1024K), 1 survivors (1024K)
 Metaspace       used 33669K, capacity 34812K, committed 34944K, reserved 1079296K
  class space    used 3969K, capacity 4415K, committed 4480K, reserved 1048576K
}
Event: 669.882 GC heap before
{Heap before GC invocations=259 (full 0):
 garbage-first heap   total 45056K, used 36995K [0x0000000081400000, 0x0000000100000000)
  region size 1024K, 21 young (21504K), 1 survivors (1024K)
 Metaspace       used 33669K, capacity 34812K, committed 34944K, reserved 1079296K
  class space    used 3969K, capacity 4415K, committed 4480K, reserved 1048576K
}
Event: 669.883 GC heap after
{Heap after GC invocations=260 (full 0):
 garbage-first heap   total 45056K, used 16513K [0x0000000081400000, 0x0000000100000000)
  region size 1024K, 1 young (1024K), 1 survivors (1024K)
 Metaspace       used 33669K, capacity 34812K, committed 34944K, reserved 1079296K
  class space    used 3969K, capacity 4415K, committed 4480K, reserved 1048576K
}

